<?xml version="1.0" encoding="UTF-8" standalone="no"?>
<!DOCTYPE log SYSTEM "logger.dtd">
<log>
<record>
  <date>2022-06-01T18:20:31.220887Z</date>
  <millis>1654107631220</millis>
  <nanos>887000</nanos>
  <sequence>0</sequence>
  <logger>org.uma.jmetal.util.JMetalLogger</logger>
  <level>INFO</level>
  <class>org.uma.jmetal.util.JMetalLogger</class>
  <method>configureLoggers</method>
  <thread>1</thread>
  <message>Loggers configured with null</message>
</record>
<record>
  <date>2022-06-01T18:20:31.234303Z</date>
  <millis>1654107631234</millis>
  <nanos>303000</nanos>
  <sequence>1</sequence>
  <logger>org.uma.jmetal.util.JMetalLogger</logger>
  <level>INFO</level>
  <class>org.uma.jmetal.lab.experiment.component.impl.ExecuteAlgorithms</class>
  <method>run</method>
  <thread>1</thread>
  <message>ExecuteAlgorithms: Preparing output directory</message>
</record>
<record>
  <date>2022-06-01T18:20:31.251943Z</date>
  <millis>1654107631251</millis>
  <nanos>943000</nanos>
  <sequence>2</sequence>
  <logger>org.uma.jmetal.util.JMetalLogger</logger>
  <level>INFO</level>
  <class>org.uma.jmetal.lab.experiment.component.impl.ExecuteAlgorithms</class>
  <method>run</method>
  <thread>1</thread>
  <message>ExecuteAlgorithms: there are 2 runs pending</message>
</record>
<record>
  <date>2022-06-01T18:20:31.263959Z</date>
  <millis>1654107631263</millis>
  <nanos>959000</nanos>
  <sequence>3</sequence>
  <logger>org.uma.jmetal.util.JMetalLogger</logger>
  <level>INFO</level>
  <class>org.uma.jmetal.lab.experiment.util.ExperimentAlgorithm</class>
  <method>runAlgorithm</method>
  <thread>19</thread>
  <message>Creating experimentBaseDirectory/NSGAIIStudy/data/NSGAIIa/scheduleProblem</message>
</record>
<record>
  <date>2022-06-01T18:20:31.263988Z</date>
  <millis>1654107631263</millis>
  <nanos>988000</nanos>
  <sequence>4</sequence>
  <logger>org.uma.jmetal.util.JMetalLogger</logger>
  <level>INFO</level>
  <class>org.uma.jmetal.lab.experiment.util.ExperimentAlgorithm</class>
  <method>runAlgorithm</method>
  <thread>1</thread>
  <message>Creating experimentBaseDirectory/NSGAIIStudy/data/NSGAIIa/roomAllocationProblem</message>
</record>
<record>
  <date>2022-06-01T18:20:31.268092Z</date>
  <millis>1654107631268</millis>
  <nanos>92000</nanos>
  <sequence>5</sequence>
  <logger>org.uma.jmetal.util.JMetalLogger</logger>
  <level>INFO</level>
  <class>org.uma.jmetal.lab.experiment.util.ExperimentAlgorithm</class>
  <method>runAlgorithm</method>
  <thread>1</thread>
  <message> Running algorithm: NSGAIIa, problem: roomAllocationProblem, run: 0, funFile: experimentBaseDirectory/NSGAIIStudy/data/NSGAIIa/roomAllocationProblem/FUN0.csv</message>
</record>
<record>
  <date>2022-06-01T18:20:31.268158Z</date>
  <millis>1654107631268</millis>
  <nanos>158000</nanos>
  <sequence>6</sequence>
  <logger>org.uma.jmetal.util.JMetalLogger</logger>
  <level>INFO</level>
  <class>org.uma.jmetal.lab.experiment.util.ExperimentAlgorithm</class>
  <method>runAlgorithm</method>
  <thread>19</thread>
  <message> Running algorithm: NSGAIIa, problem: scheduleProblem, run: 0, funFile: experimentBaseDirectory/NSGAIIStudy/data/NSGAIIa/scheduleProblem/FUN0.csv</message>
</record>
</log>
